{"level":"info","message":"Server is running on port 3000","timestamp":"2025-06-19T21:12:18.623Z"}
{"level":"info","message":"MongoDB connected successfully","timestamp":"2025-06-19T21:12:19.906Z"}
{"level":"info","message":"Server is running on port 3000","timestamp":"2025-06-19T21:13:22.370Z"}
{"level":"info","message":"MongoDB connected successfully","timestamp":"2025-06-19T21:13:23.554Z"}
{"level":"info","message":"POST /auth/signup 404 151 - 19.322 ms","timestamp":"2025-06-19T21:32:51.224Z"}
{"level":"info","message":"POST /auth/signup 404 151 - 2.731 ms","timestamp":"2025-06-19T21:34:09.965Z"}
{"level":"info","message":"POST /auth/signup 404 151 - 1.081 ms","timestamp":"2025-06-19T21:34:55.660Z"}
{"level":"info","message":"POST /auth/signup 404 151 - 0.973 ms","timestamp":"2025-06-19T21:36:36.315Z"}
{"level":"info","message":"Server is running on port 3000","timestamp":"2025-06-19T21:38:06.104Z"}
{"level":"info","message":"MongoDB connected successfully","timestamp":"2025-06-19T21:38:07.636Z"}
{"level":"info","message":"POST /auth/signup 201 839 - 1212.861 ms","timestamp":"2025-06-19T21:38:08.003Z"}
{"level":"info","message":"Server is running on port 3000","timestamp":"2025-06-19T21:38:16.089Z"}
{"level":"info","message":"MongoDB connected successfully","timestamp":"2025-06-19T21:38:17.272Z"}
{"level":"error","message":"Error:","timestamp":"2025-06-19T21:38:35.606Z"}
{"level":"info","message":"POST /auth/signin 401 393 - 142.317 ms","timestamp":"2025-06-19T21:38:35.615Z"}
{"level":"error","message":"Error:","timestamp":"2025-06-19T21:38:56.848Z"}
{"level":"info","message":"POST /auth/signup 400 395 - 122.428 ms","timestamp":"2025-06-19T21:38:56.850Z"}
{"level":"error","message":"Error:","timestamp":"2025-06-19T21:39:18.869Z"}
{"level":"info","message":"POST /auth/signup 400 395 - 110.067 ms","timestamp":"2025-06-19T21:39:18.874Z"}
{"level":"info","message":"POST /auth/signup 201 799 - 364.606 ms","timestamp":"2025-06-19T21:39:55.211Z"}
{"level":"info","message":"POST /auth/signin 200 799 - 235.004 ms","timestamp":"2025-06-19T21:40:04.783Z"}
{"level":"info","message":"POST /auth/signout 200 56 - 2.578 ms","timestamp":"2025-06-19T21:41:21.978Z"}
{"level":"info","message":"Server is running on port 3000","timestamp":"2025-06-19T21:49:19.605Z"}
{"level":"info","message":"MongoDB connected successfully","timestamp":"2025-06-19T21:49:20.805Z"}
{"level":"info","message":"Server is running on port 3000","timestamp":"2025-06-19T21:49:38.726Z"}
{"level":"info","message":"Server is running on port 3000","timestamp":"2025-06-19T21:49:40.936Z"}
{"level":"info","message":"MongoDB connected successfully","timestamp":"2025-06-19T21:49:42.079Z"}
{"level":"info","message":"Server is running on port 3000","timestamp":"2025-06-19T21:51:15.278Z"}
{"level":"info","message":"MongoDB connected successfully","timestamp":"2025-06-19T21:51:16.488Z"}
{"level":"error","message":"Error:","timestamp":"2025-06-19T21:51:22.759Z"}
{"level":"info","message":"POST /auth/signup 400 395 - 138.915 ms","timestamp":"2025-06-19T21:51:22.768Z"}
{"level":"info","message":"POST /auth/signin 200 799 - 252.662 ms","timestamp":"2025-06-19T21:51:29.402Z"}
{"level":"info","message":"Server is running on port 3000","timestamp":"2025-06-19T21:56:24.003Z"}
{"level":"info","message":"MongoDB connected successfully","timestamp":"2025-06-19T21:56:25.298Z"}
{"level":"info","message":"Server is running on port 3000","timestamp":"2025-06-19T21:57:31.012Z"}
{"level":"info","message":"MongoDB connected successfully","timestamp":"2025-06-19T21:57:32.185Z"}
{"level":"info","message":"Server is running on port 3000","timestamp":"2025-06-19T21:58:22.936Z"}
{"level":"info","message":"MongoDB connected successfully","timestamp":"2025-06-19T21:58:24.069Z"}
{"level":"info","message":"Server is running on port 3000","timestamp":"2025-06-19T21:58:45.069Z"}
{"level":"info","message":"MongoDB connected successfully","timestamp":"2025-06-19T21:58:46.245Z"}
{"level":"info","message":"Server is running on port 3000","timestamp":"2025-06-19T21:59:29.466Z"}
{"level":"info","message":"MongoDB connected successfully","timestamp":"2025-06-19T21:59:30.760Z"}
{"level":"info","message":"Server is running on port 3000","timestamp":"2025-06-19T22:01:55.141Z"}
{"level":"info","message":"MongoDB connected successfully","timestamp":"2025-06-19T22:01:56.319Z"}
{"level":"info","message":"Server is running on port 3000","timestamp":"2025-06-19T22:03:05.835Z"}
{"level":"info","message":"MongoDB connected successfully","timestamp":"2025-06-19T22:03:06.985Z"}
{"level":"info","message":"Server is running on port 3000","timestamp":"2025-06-19T22:03:09.277Z"}
{"level":"info","message":"MongoDB connected successfully","timestamp":"2025-06-19T22:03:10.434Z"}
{"level":"info","message":"Server is running on port 3000","timestamp":"2025-06-19T22:03:59.102Z"}
{"level":"info","message":"MongoDB connected successfully","timestamp":"2025-06-19T22:04:00.323Z"}
{"level":"info","message":"Server is running on port 3000","timestamp":"2025-06-19T22:05:08.839Z"}
{"level":"info","message":"MongoDB connected successfully","timestamp":"2025-06-19T22:05:10.088Z"}
{"level":"info","message":"POST /auth/signin 200 733 - 260.228 ms","timestamp":"2025-06-19T22:05:14.734Z"}
{"level":"info","message":"Server is running on port 3000","timestamp":"2025-06-19T22:05:19.746Z"}
{"level":"info","message":"MongoDB connected successfully","timestamp":"2025-06-19T22:05:20.889Z"}
{"level":"error","message":"Error:","timestamp":"2025-06-19T22:05:54.883Z"}
{"level":"info","message":"POST /auth/signup 400 395 - 136.488 ms","timestamp":"2025-06-19T22:05:54.893Z"}
{"level":"info","message":"Server is running on port 3000","timestamp":"2025-06-19T22:11:18.013Z"}
{"level":"info","message":"MongoDB connected successfully","timestamp":"2025-06-19T22:11:19.421Z"}
{"level":"info","message":"Server is running on port 3000","timestamp":"2025-06-19T22:16:14.209Z"}
{"level":"info","message":"MongoDB connected successfully","timestamp":"2025-06-19T22:16:15.427Z"}
{"level":"info","message":"Server is running on port 3000","timestamp":"2025-06-19T22:17:28.318Z"}
{"level":"info","message":"MongoDB connected successfully","timestamp":"2025-06-19T22:17:29.469Z"}
{"level":"info","message":"Server is running on port 3000","timestamp":"2025-06-19T22:17:39.148Z"}
{"level":"info","message":"MongoDB connected successfully","timestamp":"2025-06-19T22:17:40.338Z"}
{"level":"info","message":"Server is running on port 3000","timestamp":"2025-06-19T22:17:51.593Z"}
{"level":"info","message":"MongoDB connected successfully","timestamp":"2025-06-19T22:17:52.768Z"}
{"level":"info","message":"Server is running on port 3000","timestamp":"2025-06-19T22:20:17.142Z"}
{"level":"info","message":"MongoDB connected successfully","timestamp":"2025-06-19T22:20:18.341Z"}
{"level":"info","message":"Server is running on port 3000","timestamp":"2025-06-19T22:21:06.344Z"}
{"level":"info","message":"MongoDB connected successfully","timestamp":"2025-06-19T22:21:07.515Z"}
{"level":"info","message":"Server is running on port 3000","timestamp":"2025-06-19T22:21:11.941Z"}
{"level":"info","message":"MongoDB connected successfully","timestamp":"2025-06-19T22:21:13.060Z"}
{"level":"info","message":"Server is running on port 3000","timestamp":"2025-06-19T22:21:29.880Z"}
{"level":"info","message":"MongoDB connected successfully","timestamp":"2025-06-19T22:21:31.042Z"}
{"level":"info","message":"Server is running on port 3000","timestamp":"2025-06-19T22:21:45.959Z"}
{"level":"info","message":"MongoDB connected successfully","timestamp":"2025-06-19T22:21:47.115Z"}
{"level":"info","message":"Server is running on port 3000","timestamp":"2025-06-19T22:22:09.472Z"}
{"level":"info","message":"MongoDB connected successfully","timestamp":"2025-06-19T22:22:10.616Z"}
{"level":"info","message":"Server is running on port 3000","timestamp":"2025-06-19T22:23:12.665Z"}
{"level":"info","message":"MongoDB connected successfully","timestamp":"2025-06-19T22:23:13.928Z"}
{"level":"info","message":"Server is running on port 3000","timestamp":"2025-06-19T22:23:35.350Z"}
{"level":"info","message":"MongoDB connected successfully","timestamp":"2025-06-19T22:23:36.501Z"}
{"level":"info","message":"Server is running on port 3000","timestamp":"2025-06-19T22:23:40.508Z"}
{"level":"info","message":"MongoDB connected successfully","timestamp":"2025-06-19T22:23:41.714Z"}
{"level":"info","message":"Server is running on port 3000","timestamp":"2025-06-19T22:45:03.274Z"}
{"level":"info","message":"MongoDB connected successfully","timestamp":"2025-06-19T22:45:05.014Z"}
{"level":"info","message":"Server is running on port 3000","timestamp":"2025-06-19T22:45:14.169Z"}
{"level":"info","message":"MongoDB connected successfully","timestamp":"2025-06-19T22:45:15.358Z"}
{"level":"info","message":"Server is running on port 3000","timestamp":"2025-06-19T22:47:36.331Z"}
{"level":"info","message":"MongoDB connected successfully","timestamp":"2025-06-19T22:47:39.671Z"}
{"level":"info","message":"Server is running on port 3000","timestamp":"2025-06-19T22:47:44.328Z"}
{"level":"info","message":"MongoDB connected successfully","timestamp":"2025-06-19T22:47:45.546Z"}
{"level":"info","message":"Server is running on port 3000","timestamp":"2025-06-19T22:52:02.365Z"}
{"level":"info","message":"MongoDB connected successfully","timestamp":"2025-06-19T22:52:03.543Z"}
{"level":"info","message":"Server is running on port 3000","timestamp":"2025-06-19T22:52:10.570Z"}
{"level":"info","message":"MongoDB connected successfully","timestamp":"2025-06-19T22:52:11.720Z"}
{"level":"info","message":"Server is running on port 3000","timestamp":"2025-06-19T22:59:21.240Z"}
{"level":"info","message":"MongoDB connected successfully","timestamp":"2025-06-19T22:59:22.428Z"}
{"level":"info","message":"Server is running on port 3000","timestamp":"2025-06-19T23:03:34.159Z"}
{"level":"info","message":"MongoDB connected successfully","timestamp":"2025-06-19T23:03:35.377Z"}
{"level":"info","message":"Server is running on port 3000","timestamp":"2025-06-19T23:03:44.918Z"}
{"level":"info","message":"MongoDB connected successfully","timestamp":"2025-06-19T23:03:46.264Z"}
{"level":"info","message":"Server is running on port 3000","timestamp":"2025-06-19T23:04:21.139Z"}
{"level":"info","message":"MongoDB connected successfully","timestamp":"2025-06-19T23:04:22.294Z"}
{"level":"info","message":"Server is running on port 3000","timestamp":"2025-06-19T23:09:35.723Z"}
{"level":"info","message":"MongoDB connected successfully","timestamp":"2025-06-19T23:09:36.900Z"}
{"level":"info","message":"Server is running on port 3000","timestamp":"2025-06-19T23:11:28.418Z"}
{"level":"info","message":"MongoDB connected successfully","timestamp":"2025-06-19T23:11:29.916Z"}
{"level":"info","message":"Server is running on port 3000","timestamp":"2025-06-19T23:11:37.431Z"}
{"level":"info","message":"MongoDB connected successfully","timestamp":"2025-06-19T23:11:38.574Z"}
{"level":"info","message":"Server is running on port 3000","timestamp":"2025-06-19T23:14:49.037Z"}
{"level":"info","message":"MongoDB connected successfully","timestamp":"2025-06-19T23:14:50.204Z"}
{"level":"info","message":"Server is running on port 3000","timestamp":"2025-06-19T23:28:18.018Z"}
{"level":"info","message":"MongoDB connected successfully","timestamp":"2025-06-19T23:28:19.219Z"}
{"level":"info","message":"Server is running on port 3000","timestamp":"2025-06-19T23:28:24.192Z"}
{"level":"info","message":"MongoDB connected successfully","timestamp":"2025-06-19T23:28:25.407Z"}
{"level":"info","message":"Server is running on port 3000","timestamp":"2025-06-19T23:47:24.584Z"}
{"level":"info","message":"MongoDB connected successfully","timestamp":"2025-06-19T23:47:28.134Z"}
{"level":"info","message":"Server is running on port 3000","timestamp":"2025-06-19T23:49:24.917Z"}
{"level":"info","message":"MongoDB connected successfully","timestamp":"2025-06-19T23:49:26.398Z"}
{"level":"info","message":"Server is running on port 3000","timestamp":"2025-06-20T00:35:04.500Z"}
{"level":"info","message":"MongoDB connected successfully","timestamp":"2025-06-20T00:35:05.894Z"}
{"level":"info","message":"Server is running on port 3000","timestamp":"2025-06-20T00:35:13.275Z"}
{"level":"info","message":"MongoDB connected successfully","timestamp":"2025-06-20T00:35:14.845Z"}
{"level":"info","message":"Server is running on port 3000","timestamp":"2025-06-20T00:36:03.341Z"}
{"level":"info","message":"MongoDB connected successfully","timestamp":"2025-06-20T00:36:16.221Z"}
{"level":"info","message":"Server is running on port 3000","timestamp":"2025-06-20T00:36:20.219Z"}
{"level":"info","message":"Server is running on port 3000","timestamp":"2025-06-20T00:36:28.621Z"}
{"level":"info","message":"MongoDB connected successfully","timestamp":"2025-06-20T00:36:29.840Z"}
{"level":"info","message":"Server is running on port 3000","timestamp":"2025-06-20T00:37:16.812Z"}
{"level":"info","message":"MongoDB connected successfully","timestamp":"2025-06-20T00:37:18.375Z"}
{"level":"info","message":"Server is running on port 3000","timestamp":"2025-06-20T00:37:46.640Z"}
{"level":"info","message":"MongoDB connected successfully","timestamp":"2025-06-20T00:37:53.240Z"}
{"level":"info","message":"Server is running on port 3000","timestamp":"2025-06-20T00:38:08.895Z"}
{"level":"info","message":"MongoDB connected successfully","timestamp":"2025-06-20T00:38:10.810Z"}
{"level":"info","message":"Server is running on port 3000","timestamp":"2025-06-20T00:38:15.015Z"}
{"level":"info","message":"MongoDB connected successfully","timestamp":"2025-06-20T00:38:16.298Z"}
{"level":"info","message":"Server is running on port 3000","timestamp":"2025-06-20T00:38:41.511Z"}
{"level":"info","message":"MongoDB connected successfully","timestamp":"2025-06-20T00:38:42.677Z"}
{"level":"info","message":"Server is running on port 3000","timestamp":"2025-06-20T00:39:22.667Z"}
{"level":"info","message":"MongoDB connected successfully","timestamp":"2025-06-20T00:39:23.902Z"}
{"level":"info","message":"Server is running on port 3000","timestamp":"2025-06-20T00:40:27.883Z"}
{"level":"info","message":"MongoDB connected successfully","timestamp":"2025-06-20T00:40:29.012Z"}
{"level":"info","message":"Server is running on port 3000","timestamp":"2025-06-20T00:40:40.410Z"}
{"level":"info","message":"MongoDB connected successfully","timestamp":"2025-06-20T00:40:42.071Z"}
{"level":"info","message":"Server is running on port 3000","timestamp":"2025-06-20T00:41:06.142Z"}
{"level":"info","message":"MongoDB connected successfully","timestamp":"2025-06-20T00:41:07.263Z"}
{"level":"info","message":"Server is running on port 3000","timestamp":"2025-06-20T00:41:11.310Z"}
{"level":"info","message":"MongoDB connected successfully","timestamp":"2025-06-20T00:41:12.450Z"}
{"level":"info","message":"Server is running on port 3000","timestamp":"2025-06-20T00:43:06.389Z"}
{"level":"info","message":"MongoDB connected successfully","timestamp":"2025-06-20T00:43:07.695Z"}
{"level":"info","message":"Server is running on port 3000","timestamp":"2025-06-20T00:43:10.444Z"}
{"level":"info","message":"MongoDB connected successfully","timestamp":"2025-06-20T00:43:11.651Z"}
{"level":"info","message":"Server is running on port 3000","timestamp":"2025-06-20T00:44:10.517Z"}
{"level":"info","message":"MongoDB connected successfully","timestamp":"2025-06-20T00:44:11.657Z"}
{"level":"info","message":"Server is running on port 3000","timestamp":"2025-06-20T00:47:02.052Z"}
{"level":"info","message":"MongoDB connected successfully","timestamp":"2025-06-20T00:47:03.245Z"}
{"level":"info","message":"Server is running on port 3000","timestamp":"2025-06-20T00:47:12.403Z"}
{"level":"info","message":"MongoDB connected successfully","timestamp":"2025-06-20T00:47:14.363Z"}
{"level":"info","message":"Server is running on port 3000","timestamp":"2025-06-20T00:47:45.029Z"}
{"level":"info","message":"MongoDB connected successfully","timestamp":"2025-06-20T00:47:46.151Z"}
{"level":"info","message":"Server is running on port 3000","timestamp":"2025-06-20T00:48:47.261Z"}
{"level":"info","message":"MongoDB connected successfully","timestamp":"2025-06-20T00:48:48.413Z"}
{"level":"info","message":"Server is running on port 3000","timestamp":"2025-06-20T00:49:06.353Z"}
{"level":"info","message":"MongoDB connected successfully","timestamp":"2025-06-20T00:49:07.513Z"}
{"level":"info","message":"Server is running on port 3000","timestamp":"2025-06-20T00:49:10.430Z"}
{"level":"info","message":"MongoDB connected successfully","timestamp":"2025-06-20T00:49:11.609Z"}
{"level":"info","message":"Server is running on port 3000","timestamp":"2025-06-20T00:50:12.127Z"}
{"level":"info","message":"MongoDB connected successfully","timestamp":"2025-06-20T00:50:13.313Z"}
{"level":"info","message":"Server is running on port 3000","timestamp":"2025-06-20T00:50:55.269Z"}
{"level":"info","message":"MongoDB connected successfully","timestamp":"2025-06-20T00:50:56.980Z"}
{"level":"info","message":"Server is running on port 3000","timestamp":"2025-06-20T00:51:45.782Z"}
{"level":"info","message":"MongoDB connected successfully","timestamp":"2025-06-20T00:51:47.018Z"}
{"level":"info","message":"Server is running on port 3000","timestamp":"2025-06-20T00:54:17.647Z"}
{"level":"info","message":"MongoDB connected successfully","timestamp":"2025-06-20T00:54:18.980Z"}
{"level":"error","message":"Error:","timestamp":"2025-06-20T00:54:26.331Z"}
{"level":"info","message":"GET /weather?lat=24.71&lon=46.68 500 1346 - 11.751 ms","timestamp":"2025-06-20T00:54:26.342Z"}
{"level":"info","message":"Server is running on port 3000","timestamp":"2025-06-20T00:57:00.263Z"}
{"level":"info","message":"MongoDB connected successfully","timestamp":"2025-06-20T00:57:01.428Z"}
{"level":"info","message":"Server is running on port 3000","timestamp":"2025-06-20T00:57:11.870Z"}
{"level":"info","message":"MongoDB connected successfully","timestamp":"2025-06-20T00:57:13.001Z"}
{"level":"info","message":"POST /auth/signup 201 699 - 627.245 ms","timestamp":"2025-06-20T01:00:57.536Z"}
{"level":"error","message":"Error:","timestamp":"2025-06-20T01:02:03.621Z"}
{"level":"info","message":"GET /weather?lat=24.71&lon=46.68 500 1346 - 16.051 ms","timestamp":"2025-06-20T01:02:03.635Z"}
{"level":"info","message":"POST /auth/signin 200 696 - 240.073 ms","timestamp":"2025-06-20T01:03:21.614Z"}
{"level":"info","message":"POST /auth/signout 200 56 - 1.098 ms","timestamp":"2025-06-20T01:03:29.708Z"}
{"level":"error","message":"Error:","timestamp":"2025-06-20T01:03:38.423Z"}
{"level":"info","message":"GET /weather?lat=24.71&lon=46.68 500 1346 - 4.035 ms","timestamp":"2025-06-20T01:03:38.427Z"}
{"level":"error","message":"Error:","timestamp":"2025-06-20T11:57:56.216Z"}
{"level":"info","message":"GET /weather?lat=24.71&lon=46.68 500 1346 - 39.740 ms","timestamp":"2025-06-20T11:57:56.241Z"}
{"level":"error","message":"Error:","timestamp":"2025-06-20T11:58:59.943Z"}
{"level":"info","message":"GET /weather?lat=24.71&lon=46.68 500 1346 - 5.902 ms","timestamp":"2025-06-20T11:58:59.946Z"}
{"level":"error","message":"Error:","timestamp":"2025-06-20T11:59:40.574Z"}
{"level":"info","message":"POST /auth/signup 400 395 - 899.628 ms","timestamp":"2025-06-20T11:59:40.579Z"}
{"level":"info","message":"POST /auth/signin 200 696 - 229.414 ms","timestamp":"2025-06-20T11:59:40.860Z"}
{"level":"info","message":"POST /auth/signout 200 56 - 0.401 ms","timestamp":"2025-06-20T11:59:40.883Z"}
{"level":"error","message":"Error:","timestamp":"2025-06-20T11:59:40.900Z"}
{"level":"info","message":"GET /weather?lat=24.71&lon=46.68 500 1346 - 2.232 ms","timestamp":"2025-06-20T11:59:40.901Z"}
{"level":"error","message":"Error:","timestamp":"2025-06-20T12:00:03.517Z"}
{"level":"info","message":"POST /auth/signup 400 395 - 117.812 ms","timestamp":"2025-06-20T12:00:03.519Z"}
{"level":"info","message":"POST /auth/signup 201 688 - 358.529 ms","timestamp":"2025-06-20T12:00:26.523Z"}
{"level":"error","message":"Error:","timestamp":"2025-06-20T12:00:39.427Z"}
{"level":"info","message":"GET /weather?lat=24.71&lon=46.68 500 1346 - 9.336 ms","timestamp":"2025-06-20T12:00:39.435Z"}
{"level":"error","message":"Error:","timestamp":"2025-06-20T12:01:10.305Z"}
{"level":"info","message":"GET /weather?lat=24.71&lon=46.68 500 1346 - 7.578 ms","timestamp":"2025-06-20T12:01:10.308Z"}
{"level":"error","message":"Error:","timestamp":"2025-06-20T12:02:56.572Z"}
{"level":"info","message":"GET /weather?lat=24.71&lon=46.68 500 1346 - 19.746 ms","timestamp":"2025-06-20T12:02:56.584Z"}
{"level":"error","message":"Error:","timestamp":"2025-06-20T12:07:12.719Z"}
{"level":"info","message":"GET /weather?lat=24.71&lon=46.68 500 1346 - 32.678 ms","timestamp":"2025-06-20T12:07:12.746Z"}
{"level":"info","message":"Server is running on port 3000","timestamp":"2025-06-20T12:12:28.208Z"}
{"level":"info","message":"MongoDB connected successfully","timestamp":"2025-06-20T12:12:29.434Z"}
{"level":"info","message":"GET /weather?lat=24.71&lon=46.68 200 - - 868.333 ms","timestamp":"2025-06-20T12:12:33.463Z"}
{"level":"info","message":"Server is running on port 3000","timestamp":"2025-06-20T12:15:07.354Z"}
{"level":"info","message":"MongoDB connected successfully","timestamp":"2025-06-20T12:15:08.580Z"}
{"level":"info","message":"Server is running on port 3000","timestamp":"2025-06-20T12:16:21.398Z"}
{"level":"info","message":"MongoDB connected successfully","timestamp":"2025-06-20T12:16:22.616Z"}
{"level":"info","message":"Server is running on port 3000","timestamp":"2025-06-20T12:16:26.713Z"}
{"level":"info","message":"MongoDB connected successfully","timestamp":"2025-06-20T12:16:29.525Z"}
{"level":"info","message":"Server is running on port 3000","timestamp":"2025-06-20T12:17:22.344Z"}
{"level":"info","message":"MongoDB connected successfully","timestamp":"2025-06-20T12:17:23.629Z"}
{"level":"info","message":"Server is running on port 3000","timestamp":"2025-06-20T12:17:26.326Z"}
{"level":"info","message":"MongoDB connected successfully","timestamp":"2025-06-20T12:17:27.531Z"}
{"level":"info","message":"GET /weather?lat=24.71&lon=46.68 200 491 - 872.181 ms","timestamp":"2025-06-20T12:19:24.662Z"}
{"level":"info","message":"Server is running on port 3000","timestamp":"2025-06-20T12:22:41.445Z"}
{"level":"info","message":"MongoDB connected successfully","timestamp":"2025-06-20T12:22:42.672Z"}
{"level":"info","message":"Server is running on port 3000","timestamp":"2025-06-20T12:24:01.955Z"}
{"level":"info","message":"MongoDB connected successfully","timestamp":"2025-06-20T12:24:03.170Z"}
{"level":"info","message":"Server is running on port 3000","timestamp":"2025-06-20T12:26:11.854Z"}
{"level":"info","message":"MongoDB connected successfully","timestamp":"2025-06-20T12:26:13.111Z"}
{"level":"info","message":"Server is running on port 3000","timestamp":"2025-06-20T12:26:50.619Z"}
{"level":"info","message":"MongoDB connected successfully","timestamp":"2025-06-20T12:26:51.806Z"}
{"level":"info","message":"Server is running on port 3000","timestamp":"2025-06-20T12:26:55.458Z"}
{"level":"info","message":"MongoDB connected successfully","timestamp":"2025-06-20T12:26:56.610Z"}
{"level":"info","message":"Server is running on port 3000","timestamp":"2025-06-20T12:27:02.206Z"}
{"level":"info","message":"MongoDB connected successfully","timestamp":"2025-06-20T12:27:03.384Z"}
{"level":"info","message":"Server is running on port 3000","timestamp":"2025-06-20T12:30:51.557Z"}
{"level":"info","message":"MongoDB connected successfully","timestamp":"2025-06-20T12:30:52.851Z"}
{"level":"info","message":"Server is running on port 3000","timestamp":"2025-06-20T12:30:55.894Z"}
{"beforeHandshake":false,"cause":{"code":"ETIMEDOUT","errno":-60,"syscall":"read"},"connectionGeneration":0,"errorLabelSet":{},"level":"error","message":"MongoDB connection error: read ETIMEDOUT","stack":"MongoNetworkError: read ETIMEDOUT\n    at Connection.onSocketError (/Users/shahadxox/Desktop/tuwaiqProjects/weatherHubAPI/node_modules/mongodb/src/cmap/connection.ts:308:18)\n    at TLSSocket.emit (node:events:519:35)\n    at TLSSocket.emit (node:domain:489:12)\n    at emitErrorNT (node:internal/streams/destroy:170:8)\n    at emitErrorCloseNT (node:internal/streams/destroy:129:3)\n    at processTicksAndRejections (node:internal/process/task_queues:90:21)","timestamp":"2025-06-20T12:31:32.470Z"}
{"level":"info","message":"Server is running on port 3000","timestamp":"2025-06-20T12:35:59.757Z"}
{"level":"info","message":"MongoDB connected successfully","timestamp":"2025-06-20T12:36:01.050Z"}
{"level":"info","message":"Server is running on port 3000","timestamp":"2025-06-20T12:36:58.083Z"}
{"level":"info","message":"MongoDB connected successfully","timestamp":"2025-06-20T12:36:59.265Z"}
{"level":"info","message":"Server is running on port 3000","timestamp":"2025-06-20T12:37:11.548Z"}
{"level":"info","message":"MongoDB connected successfully","timestamp":"2025-06-20T12:37:12.721Z"}
{"level":"info","message":"Server is running on port 3000","timestamp":"2025-06-20T12:38:25.888Z"}
{"level":"info","message":"MongoDB connected successfully","timestamp":"2025-06-20T12:38:27.153Z"}
{"level":"info","message":"Server is running on port 3000","timestamp":"2025-06-20T12:38:49.074Z"}
{"level":"info","message":"MongoDB connected successfully","timestamp":"2025-06-20T12:38:50.282Z"}
{"level":"info","message":"Server is running on port 3000","timestamp":"2025-06-20T12:38:53.184Z"}
{"level":"info","message":"MongoDB connected successfully","timestamp":"2025-06-20T12:38:54.373Z"}
{"level":"info","message":"Server is running on port 3000","timestamp":"2025-06-20T12:40:48.910Z"}
{"level":"info","message":"MongoDB connected successfully","timestamp":"2025-06-20T12:40:50.119Z"}
{"level":"info","message":"Server is running on port 3000","timestamp":"2025-06-20T12:40:54.560Z"}
{"level":"info","message":"MongoDB connected successfully","timestamp":"2025-06-20T12:40:55.731Z"}
{"level":"info","message":"POST /auth/signup 201 692 - 388.303 ms","timestamp":"2025-06-20T12:41:20.133Z"}
{"level":"info","message":"POST /auth/signin 200 696 - 235.875 ms","timestamp":"2025-06-20T12:41:31.197Z"}
{"level":"info","message":"GET /weather?lat=24.71&lon=46.68 200 493 - 827.865 ms","timestamp":"2025-06-20T12:42:00.408Z"}
{"level":"info","message":"Server is running on port 3000","timestamp":"2025-06-20T12:50:20.682Z"}
{"level":"info","message":"MongoDB connected successfully","timestamp":"2025-06-20T12:50:21.953Z"}
{"level":"info","message":"Server is running on port 3000","timestamp":"2025-06-20T12:50:27.424Z"}
{"level":"info","message":"MongoDB connected successfully","timestamp":"2025-06-20T12:50:28.608Z"}
{"level":"info","message":"Server is running on port 3000","timestamp":"2025-06-20T12:51:09.886Z"}
{"level":"info","message":"MongoDB connected successfully","timestamp":"2025-06-20T12:51:11.059Z"}
{"level":"info","message":"Server is running on port 3000","timestamp":"2025-06-20T12:52:02.570Z"}
{"level":"info","message":"MongoDB connected successfully","timestamp":"2025-06-20T12:52:03.879Z"}
{"level":"info","message":"Server is running on port 3000","timestamp":"2025-06-20T12:52:24.171Z"}
{"level":"info","message":"MongoDB connected successfully","timestamp":"2025-06-20T12:52:25.364Z"}
{"level":"info","message":"Server is running on port 3000","timestamp":"2025-06-20T12:53:25.024Z"}
{"cause":{"commonWireVersion":0,"compatible":true,"heartbeatFrequencyMS":10000,"localThresholdMS":15,"logicalSessionTimeoutMinutes":null,"maxElectionId":null,"maxSetVersion":null,"servers":{"ac-x6ucvao-shard-00-00.wgcpwos.mongodb.net:27017":{"$clusterTime":null,"address":"ac-x6ucvao-shard-00-00.wgcpwos.mongodb.net:27017","arbiters":[],"electionId":null,"error":null,"hosts":[],"iscryptd":false,"lastUpdateTime":3134778349,"lastWriteDate":0,"logicalSessionTimeoutMinutes":null,"maxBsonObjectSize":null,"maxMessageSizeBytes":null,"maxWireVersion":0,"maxWriteBatchSize":null,"me":null,"minRoundTripTime":0,"minWireVersion":0,"passives":[],"primary":null,"roundTripTime":-1,"setName":null,"setVersion":null,"tags":{},"topologyVersion":null,"type":"Unknown"},"ac-x6ucvao-shard-00-01.wgcpwos.mongodb.net:27017":{"$clusterTime":null,"address":"ac-x6ucvao-shard-00-01.wgcpwos.mongodb.net:27017","arbiters":[],"electionId":null,"error":{"beforeHandshake":false,"errorLabelSet":{}},"hosts":[],"iscryptd":false,"lastUpdateTime":3135684282,"lastWriteDate":0,"logicalSessionTimeoutMinutes":null,"maxBsonObjectSize":null,"maxMessageSizeBytes":null,"maxWireVersion":0,"maxWriteBatchSize":null,"me":null,"minRoundTripTime":0,"minWireVersion":0,"passives":[],"primary":null,"roundTripTime":-1,"setName":null,"setVersion":null,"tags":{},"topologyVersion":null,"type":"Unknown"},"ac-x6ucvao-shard-00-02.wgcpwos.mongodb.net:27017":{"$clusterTime":null,"address":"ac-x6ucvao-shard-00-02.wgcpwos.mongodb.net:27017","arbiters":[],"electionId":null,"error":{"beforeHandshake":false,"errorLabelSet":{}},"hosts":[],"iscryptd":false,"lastUpdateTime":3135684303,"lastWriteDate":0,"logicalSessionTimeoutMinutes":null,"maxBsonObjectSize":null,"maxMessageSizeBytes":null,"maxWireVersion":0,"maxWriteBatchSize":null,"me":null,"minRoundTripTime":0,"minWireVersion":0,"passives":[],"primary":null,"roundTripTime":-1,"setName":null,"setVersion":null,"tags":{},"topologyVersion":null,"type":"Unknown"}},"setName":"atlas-wdvs3n-shard-0","stale":false,"type":"ReplicaSetNoPrimary"},"errorLabelSet":{},"level":"error","message":"MongoDB connection error: Could not connect to any servers in your MongoDB Atlas cluster. One common reason is that you're trying to access the database from an IP that isn't whitelisted. Make sure your current IP address is on your Atlas cluster's IP whitelist: https://www.mongodb.com/docs/atlas/security-whitelist/","reason":{"commonWireVersion":0,"compatible":true,"heartbeatFrequencyMS":10000,"localThresholdMS":15,"logicalSessionTimeoutMinutes":null,"maxElectionId":null,"maxSetVersion":null,"servers":{"ac-x6ucvao-shard-00-00.wgcpwos.mongodb.net:27017":{"$clusterTime":null,"address":"ac-x6ucvao-shard-00-00.wgcpwos.mongodb.net:27017","arbiters":[],"electionId":null,"error":null,"hosts":[],"iscryptd":false,"lastUpdateTime":3134778349,"lastWriteDate":0,"logicalSessionTimeoutMinutes":null,"maxBsonObjectSize":null,"maxMessageSizeBytes":null,"maxWireVersion":0,"maxWriteBatchSize":null,"me":null,"minRoundTripTime":0,"minWireVersion":0,"passives":[],"primary":null,"roundTripTime":-1,"setName":null,"setVersion":null,"tags":{},"topologyVersion":null,"type":"Unknown"},"ac-x6ucvao-shard-00-01.wgcpwos.mongodb.net:27017":{"$clusterTime":null,"address":"ac-x6ucvao-shard-00-01.wgcpwos.mongodb.net:27017","arbiters":[],"electionId":null,"error":{"beforeHandshake":false,"errorLabelSet":{}},"hosts":[],"iscryptd":false,"lastUpdateTime":3135684282,"lastWriteDate":0,"logicalSessionTimeoutMinutes":null,"maxBsonObjectSize":null,"maxMessageSizeBytes":null,"maxWireVersion":0,"maxWriteBatchSize":null,"me":null,"minRoundTripTime":0,"minWireVersion":0,"passives":[],"primary":null,"roundTripTime":-1,"setName":null,"setVersion":null,"tags":{},"topologyVersion":null,"type":"Unknown"},"ac-x6ucvao-shard-00-02.wgcpwos.mongodb.net:27017":{"$clusterTime":null,"address":"ac-x6ucvao-shard-00-02.wgcpwos.mongodb.net:27017","arbiters":[],"electionId":null,"error":{"beforeHandshake":false,"errorLabelSet":{}},"hosts":[],"iscryptd":false,"lastUpdateTime":3135684303,"lastWriteDate":0,"logicalSessionTimeoutMinutes":null,"maxBsonObjectSize":null,"maxMessageSizeBytes":null,"maxWireVersion":0,"maxWriteBatchSize":null,"me":null,"minRoundTripTime":0,"minWireVersion":0,"passives":[],"primary":null,"roundTripTime":-1,"setName":null,"setVersion":null,"tags":{},"topologyVersion":null,"type":"Unknown"}},"setName":"atlas-wdvs3n-shard-0","stale":false,"type":"ReplicaSetNoPrimary"},"stack":"MongooseServerSelectionError: Could not connect to any servers in your MongoDB Atlas cluster. One common reason is that you're trying to access the database from an IP that isn't whitelisted. Make sure your current IP address is on your Atlas cluster's IP whitelist: https://www.mongodb.com/docs/atlas/security-whitelist/\n    at _handleConnectionErrors (/Users/shahadxox/Desktop/tuwaiqProjects/weatherHubAPI/node_modules/mongoose/lib/connection.js:1165:11)\n    at NativeConnection.openUri (/Users/shahadxox/Desktop/tuwaiqProjects/weatherHubAPI/node_modules/mongoose/lib/connection.js:1096:11)\n    at async connectDB (/Users/shahadxox/Desktop/tuwaiqProjects/weatherHubAPI/src/config/db.ts:11:5)","timestamp":"2025-06-20T13:08:31.061Z"}
{"level":"info","message":"Server is running on port 3000","timestamp":"2025-06-20T13:09:13.396Z"}
{"level":"info","message":"MongoDB connected successfully","timestamp":"2025-06-20T13:09:16.927Z"}
{"level":"info","message":"Server is running on port 3000","timestamp":"2025-06-20T13:28:53.274Z"}
{"level":"info","message":"MongoDB connected successfully","timestamp":"2025-06-20T13:28:54.687Z"}
{"level":"info","message":"Server is running on port 3000","timestamp":"2025-06-20T13:29:04.697Z"}
{"level":"info","message":"MongoDB connected successfully","timestamp":"2025-06-20T13:29:05.903Z"}
{"level":"info","message":"Server is running on port 3000","timestamp":"2025-06-20T13:29:34.215Z"}
{"level":"info","message":"MongoDB connected successfully","timestamp":"2025-06-20T13:29:35.376Z"}
{"level":"info","message":"Server is running on port 3000","timestamp":"2025-06-20T13:30:34.659Z"}
{"level":"info","message":"MongoDB connected successfully","timestamp":"2025-06-20T13:30:35.875Z"}
{"level":"info","message":"Server is running on port 3000","timestamp":"2025-06-20T13:31:19.521Z"}
{"level":"info","message":"MongoDB connected successfully","timestamp":"2025-06-20T13:31:20.700Z"}
{"level":"info","message":"Server is running on port 3000","timestamp":"2025-06-20T13:31:30.573Z"}
{"level":"info","message":"MongoDB connected successfully","timestamp":"2025-06-20T13:31:31.751Z"}
{"level":"info","message":"Server is running on port 3000","timestamp":"2025-06-20T13:32:02.098Z"}
{"level":"info","message":"MongoDB connected successfully","timestamp":"2025-06-20T13:32:03.661Z"}
{"level":"info","message":"Server is running on port 3000","timestamp":"2025-06-20T13:33:35.120Z"}
{"level":"info","message":"MongoDB connected successfully","timestamp":"2025-06-20T13:33:36.335Z"}
{"level":"info","message":"Server is running on port 3000","timestamp":"2025-06-20T13:40:01.542Z"}
{"level":"info","message":"MongoDB connected successfully","timestamp":"2025-06-20T13:40:02.894Z"}
{"level":"info","message":"Server is running on port 3000","timestamp":"2025-06-20T13:41:42.002Z"}
{"level":"info","message":"MongoDB connected successfully","timestamp":"2025-06-20T13:41:44.286Z"}
{"level":"info","message":"Server is running on port 3000","timestamp":"2025-06-20T13:41:48.232Z"}
{"level":"info","message":"MongoDB connected successfully","timestamp":"2025-06-20T13:41:49.836Z"}
{"level":"info","message":"Server is running on port 3000","timestamp":"2025-06-20T13:42:25.346Z"}
{"level":"info","message":"MongoDB connected successfully","timestamp":"2025-06-20T13:42:26.532Z"}
{"level":"info","message":"Server is running on port 3000","timestamp":"2025-06-20T13:50:02.537Z"}
{"level":"info","message":"MongoDB connected successfully","timestamp":"2025-06-20T13:50:03.748Z"}
{"level":"info","message":"Server is running on port 3000","timestamp":"2025-06-20T13:50:28.522Z"}
{"level":"info","message":"MongoDB connected successfully","timestamp":"2025-06-20T13:50:29.694Z"}
{"level":"info","message":"Server is running on port 3000","timestamp":"2025-06-20T13:52:29.011Z"}
{"level":"info","message":"MongoDB connected successfully","timestamp":"2025-06-20T13:52:30.283Z"}
{"level":"info","message":"Server is running on port 3000","timestamp":"2025-06-20T14:39:32.749Z"}
{"level":"info","message":"MongoDB connected successfully","timestamp":"2025-06-20T14:39:33.984Z"}
{"level":"info","message":"GET /history?limit=10&skip=0&sort=-requestedAt 200 2 - 121.512 ms","timestamp":"2025-06-20T14:39:38.478Z"}
{"level":"error","message":"Error:","timestamp":"2025-06-20T14:40:04.030Z"}
{"level":"info","message":"GET /weather?lat=24.71&lon=46.68 500 380 - 1042.055 ms","timestamp":"2025-06-20T14:40:04.035Z"}
{"level":"error","message":"Error:","timestamp":"2025-06-20T14:40:11.782Z"}
{"level":"info","message":"GET /weather?lat=24.71&lon=46.68 500 380 - 116.643 ms","timestamp":"2025-06-20T14:40:11.785Z"}
{"level":"info","message":"Server is running on port 3000","timestamp":"2025-06-20T14:40:49.741Z"}
{"level":"info","message":"MongoDB connected successfully","timestamp":"2025-06-20T14:40:50.965Z"}
{"level":"error","message":"Error:","timestamp":"2025-06-20T14:40:52.829Z"}
{"level":"info","message":"GET /weather?lat=24.71&lon=46.68 500 380 - 120.675 ms","timestamp":"2025-06-20T14:40:52.839Z"}
{"level":"info","message":"Server is running on port 3000","timestamp":"2025-06-20T14:41:05.037Z"}
{"level":"info","message":"MongoDB connected successfully","timestamp":"2025-06-20T14:41:06.206Z"}
{"level":"error","message":"Error:","timestamp":"2025-06-20T14:41:08.938Z"}
{"level":"info","message":"GET /weather?lat=24.71&lon=46.68 500 380 - 131.626 ms","timestamp":"2025-06-20T14:41:08.949Z"}
{"level":"info","message":"Server is running on port 3000","timestamp":"2025-06-20T14:43:10.028Z"}
{"level":"info","message":"MongoDB connected successfully","timestamp":"2025-06-20T14:43:11.253Z"}
{"level":"info","message":"Server is running on port 3000","timestamp":"2025-06-20T14:43:37.970Z"}
{"level":"info","message":"MongoDB connected successfully","timestamp":"2025-06-20T14:43:39.146Z"}
{"level":"info","message":"Server is running on port 3000","timestamp":"2025-06-20T14:45:27.044Z"}
{"level":"info","message":"MongoDB connected successfully","timestamp":"2025-06-20T14:45:28.278Z"}
{"level":"info","message":"POST /auth/signup 201 696 - 376.447 ms","timestamp":"2025-06-20T14:45:36.619Z"}
{"level":"error","message":"Error:","timestamp":"2025-06-20T14:45:46.158Z"}
{"level":"info","message":"GET /weather?lat=24.71&lon=46.68 401 1216 - 8.888 ms","timestamp":"2025-06-20T14:45:46.166Z"}
{"level":"info","message":"POST /auth/signin 200 696 - 241.946 ms","timestamp":"2025-06-20T14:46:04.021Z"}
{"level":"error","message":"Error:","timestamp":"2025-06-20T14:46:21.616Z"}
{"level":"info","message":"GET /weather?lat=24.71&lon=46.68 401 1216 - 8.583 ms","timestamp":"2025-06-20T14:46:21.620Z"}
{"level":"info","message":"POST /auth/signin 200 696 - 247.267 ms","timestamp":"2025-06-20T14:46:33.802Z"}
{"level":"error","message":"Error:","timestamp":"2025-06-20T14:46:58.075Z"}
{"level":"info","message":"GET /weather?lat=24.71&lon=46.68 401 1216 - 34.006 ms","timestamp":"2025-06-20T14:46:58.128Z"}
{"level":"info","message":"POST /auth/signin 200 696 - 232.523 ms","timestamp":"2025-06-20T14:47:18.621Z"}
{"level":"info","message":"Server is running on port 3000","timestamp":"2025-06-20T14:51:26.980Z"}
{"level":"info","message":"MongoDB connected successfully","timestamp":"2025-06-20T14:51:28.223Z"}
{"level":"info","message":"POST /auth/signin 200 696 - 264.310 ms","timestamp":"2025-06-20T14:52:39.991Z"}
{"level":"error","message":"Error:","timestamp":"2025-06-20T14:52:48.587Z"}
{"level":"info","message":"GET /weather?lat=24.71&lon=46.68 401 1216 - 15.833 ms","timestamp":"2025-06-20T14:52:48.601Z"}
{"level":"info","message":"Server is running on port 3000","timestamp":"2025-06-20T14:56:48.204Z"}
{"level":"info","message":"MongoDB connected successfully","timestamp":"2025-06-20T14:56:49.525Z"}
{"level":"info","message":"Server is running on port 3000","timestamp":"2025-06-20T14:56:55.622Z"}
{"level":"info","message":"MongoDB connected successfully","timestamp":"2025-06-20T14:56:57.455Z"}
{"level":"info","message":"Server is running on port 3000","timestamp":"2025-06-20T14:58:20.161Z"}
{"level":"info","message":"MongoDB connected successfully","timestamp":"2025-06-20T14:58:21.356Z"}
{"level":"error","message":"Error:","timestamp":"2025-06-20T14:58:26.936Z"}
{"level":"info","message":"GET /weather?lat=24.71&lon=46.68 401 1216 - 9.390 ms","timestamp":"2025-06-20T14:58:26.946Z"}
{"level":"info","message":"POST /auth/signin 200 781 - 283.182 ms","timestamp":"2025-06-20T14:58:36.980Z"}
{"level":"error","message":"Error:","timestamp":"2025-06-20T14:58:44.433Z"}
{"level":"info","message":"GET /weather?lat=24.71&lon=46.68 401 1216 - 11.628 ms","timestamp":"2025-06-20T14:58:44.443Z"}
{"level":"info","message":"Server is running on port 3000","timestamp":"2025-06-20T15:03:09.163Z"}
{"level":"info","message":"MongoDB connected successfully","timestamp":"2025-06-20T15:03:10.573Z"}
{"level":"info","message":"Server is running on port 3000","timestamp":"2025-06-20T15:03:56.411Z"}
{"level":"info","message":"MongoDB connected successfully","timestamp":"2025-06-20T15:03:57.593Z"}
{"level":"info","message":"Server is running on port 3000","timestamp":"2025-06-20T15:04:51.987Z"}
{"level":"info","message":"MongoDB connected successfully","timestamp":"2025-06-20T15:04:53.228Z"}
{"level":"info","message":"GET /weather?lat=24.71&lon=46.68 200 568 - 358.123 ms","timestamp":"2025-06-20T15:05:18.939Z"}
{"level":"info","message":"Server is running on port 3000","timestamp":"2025-06-20T15:05:34.661Z"}
{"level":"info","message":"MongoDB connected successfully","timestamp":"2025-06-20T15:05:35.845Z"}
{"level":"error","message":"Error:","timestamp":"2025-06-20T15:05:37.418Z"}
{"level":"info","message":"GET /weather?lat=24.71&lon=46.68 401 1216 - 10.165 ms","timestamp":"2025-06-20T15:05:37.427Z"}
{"level":"info","message":"Server is running on port 3000","timestamp":"2025-06-20T15:05:48.235Z"}
{"level":"info","message":"Server is running on port 3000","timestamp":"2025-06-20T15:05:51.376Z"}
{"level":"info","message":"MongoDB connected successfully","timestamp":"2025-06-20T15:05:52.555Z"}
{"level":"info","message":"GET /weather?lat=24.71&lon=46.68 200 568 - 1106.241 ms","timestamp":"2025-06-20T15:05:53.125Z"}
{"level":"info","message":"GET /history?limit=10&skip=0&sort=-requestedAt 200 277 - 123.797 ms","timestamp":"2025-06-20T15:06:29.714Z"}
{"level":"info","message":"GET /history?count=true 200 277 - 111.014 ms","timestamp":"2025-06-20T15:06:38.319Z"}
{"level":"info","message":"Server is running on port 3000","timestamp":"2025-06-20T17:09:11.289Z"}
{"level":"info","message":"Server is running on port 3000","timestamp":"2025-06-20T17:09:15.709Z"}
{"level":"info","message":"MongoDB connected successfully","timestamp":"2025-06-20T17:09:17.386Z"}
{"level":"error","message":"Error:","timestamp":"2025-06-20T17:09:22.457Z"}
{"level":"info","message":"GET /history?count=true 500 1314 - 8.178 ms","timestamp":"2025-06-20T17:09:22.466Z"}
{"level":"error","message":"Error:","timestamp":"2025-06-20T17:09:31.629Z"}
{"level":"info","message":"GET /history?count=true 500 1314 - 2.844 ms","timestamp":"2025-06-20T17:09:31.631Z"}
{"level":"error","message":"Error:","timestamp":"2025-06-20T17:09:36.494Z"}
{"level":"info","message":"GET /history?limit=10&skip=0&sort=-requestedAt 500 1314 - 8.333 ms","timestamp":"2025-06-20T17:09:36.502Z"}
{"level":"info","message":"Server is running on port 3000","timestamp":"2025-06-20T17:10:21.244Z"}
{"level":"info","message":"MongoDB connected successfully","timestamp":"2025-06-20T17:10:24.180Z"}
{"level":"error","message":"Error:","timestamp":"2025-06-20T17:10:28.743Z"}
{"level":"info","message":"GET /history?limit=10&skip=0&sort=-requestedAt 500 1316 - 12.275 ms","timestamp":"2025-06-20T17:10:28.754Z"}
{"level":"info","message":"Server is running on port 3000","timestamp":"2025-06-20T17:12:12.266Z"}
{"level":"info","message":"MongoDB connected successfully","timestamp":"2025-06-20T17:12:13.729Z"}
{"level":"info","message":"Server is running on port 3000","timestamp":"2025-06-20T17:12:16.342Z"}
{"level":"info","message":"MongoDB connected successfully","timestamp":"2025-06-20T17:12:17.531Z"}
{"level":"error","message":"Error:","timestamp":"2025-06-20T17:12:17.634Z"}
{"level":"info","message":"GET /history?limit=10&skip=0&sort=-requestedAt 500 1314 - 9.827 ms","timestamp":"2025-06-20T17:12:17.643Z"}
{"level":"info","message":"Server is running on port 3000","timestamp":"2025-06-20T17:12:49.417Z"}
{"level":"info","message":"MongoDB connected successfully","timestamp":"2025-06-20T17:12:50.615Z"}
{"level":"error","message":"Error:","timestamp":"2025-06-20T17:12:55.789Z"}
{"level":"info","message":"GET /history?limit=10&skip=0&sort=-requestedAt 500 1314 - 9.062 ms","timestamp":"2025-06-20T17:12:55.801Z"}
{"level":"error","message":"Error:","timestamp":"2025-06-20T17:13:00.176Z"}
{"level":"info","message":"GET /history?limit=10&skip=0&sort=-requestedAt 500 1314 - 2.162 ms","timestamp":"2025-06-20T17:13:00.178Z"}
{"level":"info","message":"Server is running on port 3000","timestamp":"2025-06-20T17:14:36.472Z"}
{"level":"info","message":"MongoDB connected successfully","timestamp":"2025-06-20T17:14:38.517Z"}
{"level":"error","message":"Error:","timestamp":"2025-06-20T17:14:46.860Z"}
{"level":"info","message":"GET /history?limit=10&skip=0&sort=-requestedAt 401 1216 - 10.154 ms","timestamp":"2025-06-20T17:14:46.870Z"}
{"level":"info","message":"Server is running on port 3000","timestamp":"2025-06-20T17:23:31.796Z"}
{"level":"info","message":"MongoDB connected successfully","timestamp":"2025-06-20T17:23:33.008Z"}
{"level":"error","message":"Error:","timestamp":"2025-06-20T17:27:38.530Z"}
{"level":"info","message":"GET /weather?lat=24.71&lon=46.68 401 1216 - 20.722 ms","timestamp":"2025-06-20T17:27:38.550Z"}
{"level":"info","message":"POST /auth/signin 200 781 - 276.842 ms","timestamp":"2025-06-20T17:27:47.443Z"}
{"level":"info","message":"GET /weather?lat=24.71&lon=46.68 200 559 - 1314.226 ms","timestamp":"2025-06-20T17:27:57.492Z"}
{"level":"info","message":"GET /history?limit=10&skip=0&sort=-requestedAt 200 2 - 222.546 ms","timestamp":"2025-06-20T17:28:02.536Z"}
{"level":"info","message":"GET /history?count=true 200 11 - 210.102 ms","timestamp":"2025-06-20T17:28:16.842Z"}
{"level":"info","message":"GET /history?limit=10&skip=0&sort=-requestedAt 200 2 - 209.663 ms","timestamp":"2025-06-20T17:28:40.506Z"}
{"level":"info","message":"GET /weather?lat=24.71&lon=46.68 200 559 - 324.385 ms","timestamp":"2025-06-20T17:28:52.033Z"}
{"level":"info","message":"GET /history?limit=10&skip=0&sort=-requestedAt 200 2 - 214.964 ms","timestamp":"2025-06-20T17:28:57.129Z"}
{"level":"info","message":"Server is running on port 3000","timestamp":"2025-06-20T17:29:58.574Z"}
{"level":"info","message":"MongoDB connected successfully","timestamp":"2025-06-20T17:29:59.984Z"}
{"level":"info","message":"GET /weather?lat=24.71&lon=46.68 200 559 - 357.718 ms","timestamp":"2025-06-20T17:30:05.806Z"}
{"level":"info","message":"GET /history?limit=10&skip=0&sort=-requestedAt 200 2 - 218.880 ms","timestamp":"2025-06-20T17:30:09.804Z"}
{"level":"info","message":"Server is running on port 3000","timestamp":"2025-06-20T17:32:24.804Z"}
{"level":"info","message":"MongoDB connected successfully","timestamp":"2025-06-20T17:32:26.221Z"}
{"level":"info","message":"GET /history?limit=10&skip=0&sort=-requestedAt 200 691 - 1069.234 ms","timestamp":"2025-06-20T17:32:26.582Z"}
{"level":"info","message":"GET /history?count=true 200 11 - 213.152 ms","timestamp":"2025-06-20T17:32:34.659Z"}
{"level":"info","message":"GET /history?count=true 200 11 - 217.134 ms","timestamp":"2025-06-20T17:32:40.536Z"}
{"level":"info","message":"Server is running on port 3000","timestamp":"2025-06-20T17:35:09.166Z"}
{"level":"info","message":"MongoDB connected successfully","timestamp":"2025-06-20T17:35:10.529Z"}
{"level":"info","message":"GET /history?count=true 200 11 - 237.321 ms","timestamp":"2025-06-20T17:35:13.761Z"}
{"level":"info","message":"GET /history?limit=10&skip=0&sort=-requestedAt 200 691 - 219.678 ms","timestamp":"2025-06-20T17:35:22.140Z"}
{"level":"info","message":"GET /weather?lat=24.71&lon=46.68 200 559 - 336.578 ms","timestamp":"2025-06-20T17:35:29.399Z"}
{"level":"info","message":"Server is running on port 3000","timestamp":"2025-06-20T17:36:20.428Z"}
{"level":"info","message":"MongoDB connected successfully","timestamp":"2025-06-20T17:36:21.614Z"}
{"level":"info","message":"GET /history?limit=10&skip=0&sort=-requestedAt 200 2 - 238.393 ms","timestamp":"2025-06-20T17:36:25.329Z"}
{"level":"info","message":"Server is running on port 3000","timestamp":"2025-06-20T17:36:40.579Z"}
{"level":"info","message":"MongoDB connected successfully","timestamp":"2025-06-20T17:36:42.040Z"}
{"level":"info","message":"GET /history?limit=10&skip=0&sort=-requestedAt 200 2 - 1181.473 ms","timestamp":"2025-06-20T17:36:42.391Z"}
{"level":"info","message":"Server is running on port 3000","timestamp":"2025-06-20T17:37:20.082Z"}
{"level":"info","message":"MongoDB connected successfully","timestamp":"2025-06-20T17:37:21.280Z"}
{"level":"info","message":"GET /history?limit=10&skip=0&sort=-requestedAt 200 2 - 1459.021 ms","timestamp":"2025-06-20T17:37:21.631Z"}
{"level":"info","message":"Server is running on port 3000","timestamp":"2025-06-20T17:37:44.456Z"}
{"level":"info","message":"MongoDB connected successfully","timestamp":"2025-06-20T17:37:45.718Z"}
{"level":"info","message":"Server is running on port 3000","timestamp":"2025-06-20T17:37:48.893Z"}
{"level":"info","message":"MongoDB connected successfully","timestamp":"2025-06-20T17:37:50.075Z"}
{"level":"info","message":"GET /history?limit=10&skip=0&sort=-requestedAt 200 2 - 747.929 ms","timestamp":"2025-06-20T17:37:50.423Z"}
{"level":"info","message":"GET /history?limit=10&skip=0&sort=-requestedAt 200 2 - 209.145 ms","timestamp":"2025-06-20T17:37:52.628Z"}
{"level":"info","message":"GET /weather?lat=24.71&lon=46.68 200 559 - 337.618 ms","timestamp":"2025-06-20T17:37:58.560Z"}
{"level":"info","message":"GET /history?limit=10&skip=0&sort=-requestedAt 200 2 - 232.210 ms","timestamp":"2025-06-20T17:38:03.770Z"}
{"level":"info","message":"Server is running on port 3000","timestamp":"2025-06-20T17:38:45.517Z"}
{"level":"info","message":"MongoDB connected successfully","timestamp":"2025-06-20T17:38:46.701Z"}
{"level":"info","message":"GET /history?limit=10&skip=0&sort=-requestedAt 200 967 - 1329.336 ms","timestamp":"2025-06-20T17:38:47.079Z"}
{"level":"info","message":"Server is running on port 3000","timestamp":"2025-06-20T17:38:51.073Z"}
{"level":"info","message":"MongoDB connected successfully","timestamp":"2025-06-20T17:38:52.269Z"}
{"level":"info","message":"Server is running on port 3000","timestamp":"2025-06-20T17:39:17.070Z"}
{"level":"info","message":"MongoDB connected successfully","timestamp":"2025-06-20T17:39:18.297Z"}
{"level":"info","message":"GET /history?limit=10&skip=0&sort=-requestedAt 200 967 - 233.210 ms","timestamp":"2025-06-20T17:39:19.542Z"}
{"level":"info","message":"GET /weather?lat=24.71&lon=46.68 200 559 - 356.756 ms","timestamp":"2025-06-20T17:39:26.236Z"}
{"level":"info","message":"GET /history?limit=10&skip=0&sort=-requestedAt 200 1105 - 230.026 ms","timestamp":"2025-06-20T17:39:30.842Z"}
{"level":"info","message":"GET /history?count=true 200 11 - 217.023 ms","timestamp":"2025-06-20T17:39:35.697Z"}
